<?xml version="1.0" encoding="UTF-8"?>
<coverage generated="1561661134">
  <project timestamp="1561661134">
    <package name="guifcoelho\JsonModels">
      <file name="C:\xampp\htdocs\json-models\src\Collection.php">
        <class name="guifcoelho\JsonModels\Collection" namespace="guifcoelho\JsonModels">
          <metrics complexity="11" methods="7" coveredmethods="3" conditionals="0" coveredconditionals="0" statements="20" coveredstatements="15" elements="27" coveredelements="18"/>
        </class>
        <line num="18" type="method" name="__construct" visibility="public" complexity="2" crap="2.03" count="7"/>
        <line num="19" type="stmt" count="7"/>
        <line num="20" type="stmt" count="0"/>
        <line num="22" type="stmt" count="7"/>
        <line num="23" type="stmt" count="7"/>
        <line num="24" type="stmt" count="7"/>
        <line num="26" type="method" name="loadData" visibility="protected" complexity="3" crap="3.03" count="7"/>
        <line num="27" type="stmt" count="7"/>
        <line num="29" type="stmt" count="7"/>
        <line num="30" type="stmt" count="4"/>
        <line num="31" type="stmt" count="4"/>
        <line num="32" type="stmt" count="4"/>
        <line num="34" type="stmt" count="0"/>
        <line num="36" type="stmt" count="7"/>
        <line num="44" type="method" name="shuffle" visibility="public" complexity="1" crap="2.00" count="0"/>
        <line num="46" type="stmt" count="0"/>
        <line num="47" type="stmt" count="0"/>
        <line num="55" type="method" name="toArray" visibility="public" complexity="1" crap="1" count="7"/>
        <line num="57" type="stmt" count="7"/>
        <line num="59" type="stmt" count="7"/>
        <line num="60" type="stmt" count="7"/>
        <line num="68" type="method" name="toJson" visibility="public" complexity="1" crap="2.00" count="0"/>
        <line num="70" type="stmt" count="0"/>
        <line num="74" type="method" name="count" visibility="public" complexity="2" crap="2" count="5"/>
        <line num="76" type="stmt" count="5"/>
        <line num="79" type="method" name="extract" visibility="public" complexity="1" crap="1" count="4"/>
        <line num="80" type="stmt" count="4"/>
        <metrics loc="82" ncloc="62" classes="1" methods="7" coveredmethods="3" conditionals="0" coveredconditionals="0" statements="20" coveredstatements="15" elements="27" coveredelements="18"/>
      </file>
      <file name="C:\xampp\htdocs\json-models\src\Config.php">
        <class name="guifcoelho\JsonModels\Config" namespace="guifcoelho\JsonModels">
          <metrics complexity="5" methods="3" coveredmethods="1" conditionals="0" coveredconditionals="0" statements="11" coveredstatements="9" elements="14" coveredelements="10"/>
        </class>
        <line num="31" type="method" name="__construct" visibility="public" complexity="2" crap="2.02" count="9"/>
        <line num="33" type="stmt" count="9"/>
        <line num="35" type="stmt" count="9"/>
        <line num="37" type="stmt" count="9"/>
        <line num="38" type="stmt" count="0"/>
        <line num="41" type="stmt" count="9"/>
        <line num="42" type="stmt" count="9"/>
        <line num="49" type="method" name="configurationPath" visibility="private" complexity="2" crap="2.06" count="9"/>
        <line num="52" type="stmt" count="9"/>
        <line num="56" type="stmt" count="9"/>
        <line num="57" type="stmt" count="0"/>
        <line num="60" type="stmt" count="9"/>
        <line num="68" type="method" name="get" visibility="public" complexity="1" crap="1" count="9"/>
        <line num="70" type="stmt" count="9"/>
        <metrics loc="72" ncloc="40" classes="1" methods="3" coveredmethods="1" conditionals="0" coveredconditionals="0" statements="11" coveredstatements="9" elements="14" coveredelements="10"/>
      </file>
      <file name="C:\xampp\htdocs\json-models\src\Factory.php">
        <class name="guifcoelho\JsonModels\Factory" namespace="guifcoelho\JsonModels">
          <metrics complexity="15" methods="6" coveredmethods="5" conditionals="0" coveredconditionals="0" statements="30" coveredstatements="28" elements="36" coveredelements="33"/>
        </class>
        <line num="21" type="method" name="__construct" visibility="public" complexity="2" crap="2" count="6"/>
        <line num="22" type="stmt" count="6"/>
        <line num="23" type="stmt" count="6"/>
        <line num="24" type="stmt" count="6"/>
        <line num="25" type="stmt" count="6"/>
        <line num="26" type="stmt" count="6"/>
        <line num="33" type="method" name="load" visibility="public" complexity="3" crap="3" count="6"/>
        <line num="34" type="stmt" count="6"/>
        <line num="35" type="stmt" count="6"/>
        <line num="36" type="stmt" count="6"/>
        <line num="37" type="stmt" count="6"/>
        <line num="40" type="stmt" count="6"/>
        <line num="52" type="method" name="define" visibility="protected" complexity="2" crap="2" count="6"/>
        <line num="53" type="stmt" count="6"/>
        <line num="54" type="stmt" count="6"/>
        <line num="56" type="stmt" count="6"/>
        <line num="59" type="method" name="buildData" visibility="protected" complexity="5" crap="5.15" count="6"/>
        <line num="60" type="stmt" count="6"/>
        <line num="61" type="stmt" count="0"/>
        <line num="63" type="stmt" count="6"/>
        <line num="64" type="stmt" count="6"/>
        <line num="65" type="stmt" count="6"/>
        <line num="66" type="stmt" count="6"/>
        <line num="67" type="stmt" count="0"/>
        <line num="69" type="stmt" count="6"/>
        <line num="71" type="stmt" count="6"/>
        <line num="72" type="stmt" count="4"/>
        <line num="74" type="stmt" count="2"/>
        <line num="77" type="method" name="make" visibility="public" complexity="1" crap="1" count="2"/>
        <line num="79" type="stmt" count="2"/>
        <line num="83" type="stmt" count="2"/>
        <line num="86" type="method" name="create" visibility="public" complexity="2" crap="2" count="4"/>
        <line num="87" type="stmt" count="4"/>
        <line num="88" type="stmt" count="4"/>
        <line num="92" type="stmt" count="4"/>
        <line num="93" type="stmt" count="4"/>
        <metrics loc="95" ncloc="75" classes="1" methods="6" coveredmethods="5" conditionals="0" coveredconditionals="0" statements="30" coveredstatements="28" elements="36" coveredelements="33"/>
      </file>
      <file name="C:\xampp\htdocs\json-models\src\Model.php">
        <class name="guifcoelho\JsonModels\Model" namespace="guifcoelho\JsonModels">
          <metrics complexity="24" methods="13" coveredmethods="11" conditionals="0" coveredconditionals="0" statements="35" coveredstatements="31" elements="48" coveredelements="42"/>
        </class>
        <line num="44" type="method" name="__construct" visibility="public" complexity="2" crap="2" count="9"/>
        <line num="45" type="stmt" count="9"/>
        <line num="46" type="stmt" count="8"/>
        <line num="48" type="stmt" count="9"/>
        <line num="55" type="method" name="getTablePath" visibility="public" complexity="1" crap="1" count="7"/>
        <line num="57" type="stmt" count="7"/>
        <line num="58" type="stmt" count="7"/>
        <line num="61" type="method" name="getFields" visibility="public" complexity="1" crap="1" count="1"/>
        <line num="63" type="stmt" count="1"/>
        <line num="71" type="method" name="getPrimaryKey" visibility="public" complexity="1" crap="1" count="6"/>
        <line num="73" type="stmt" count="6"/>
        <line num="82" type="method" name="loadData" visibility="protected" complexity="2" crap="2" count="8"/>
        <line num="84" type="stmt" count="8"/>
        <line num="85" type="stmt" count="8"/>
        <line num="86" type="stmt" count="8"/>
        <line num="88" type="stmt" count="8"/>
        <line num="97" type="method" name="where" visibility="public" complexity="7" crap="7" count="4"/>
        <line num="99" type="stmt" count="4"/>
        <line num="100" type="stmt" count="4"/>
        <line num="101" type="stmt" count="4"/>
        <line num="102" type="stmt" count="2"/>
        <line num="104" type="stmt" count="4"/>
        <line num="105" type="stmt" count="2"/>
        <line num="106" type="stmt" count="1"/>
        <line num="108" type="stmt" count="2"/>
        <line num="109" type="stmt" count="2"/>
        <line num="110" type="stmt" count="1"/>
        <line num="112" type="stmt" count="2"/>
        <line num="114" type="stmt" count="4"/>
        <line num="124" type="method" name="query" visibility="protected" complexity="1" crap="1" count="4"/>
        <line num="126" type="stmt" count="4"/>
        <line num="135" type="method" name="all" visibility="public" complexity="1" crap="1" count="1"/>
        <line num="136" type="stmt" count="1"/>
        <line num="144" type="method" name="queryAll" visibility="protected" complexity="1" crap="1" count="1"/>
        <line num="145" type="stmt" count="1"/>
        <line num="156" type="method" name="belongsToOneJsonModel" visibility="protected" complexity="2" crap="6.00" count="0"/>
        <line num="157" type="stmt" count="0"/>
        <line num="158" type="stmt" count="0"/>
        <line num="169" type="method" name="hasManyJsonModel" visibility="protected" complexity="2" crap="6.00" count="0"/>
        <line num="170" type="stmt" count="0"/>
        <line num="171" type="stmt" count="0"/>
        <line num="179" type="method" name="toArray" visibility="public" complexity="2" crap="2" count="8"/>
        <line num="181" type="stmt" count="8"/>
        <line num="182" type="stmt" count="8"/>
        <line num="183" type="stmt" count="8"/>
        <line num="185" type="stmt" count="8"/>
        <line num="193" type="method" name="toJson" visibility="public" complexity="1" crap="1" count="1"/>
        <line num="195" type="stmt" count="1"/>
        <metrics loc="197" ncloc="106" classes="1" methods="13" coveredmethods="11" conditionals="0" coveredconditionals="0" statements="35" coveredstatements="31" elements="48" coveredelements="42"/>
      </file>
      <file name="C:\xampp\htdocs\json-models\src\Query.php">
        <class name="guifcoelho\JsonModels\Query" namespace="guifcoelho\JsonModels">
          <metrics complexity="38" methods="11" coveredmethods="5" conditionals="0" coveredconditionals="0" statements="77" coveredstatements="69" elements="88" coveredelements="74"/>
        </class>
        <line num="20" type="method" name="__construct" visibility="public" complexity="2" crap="2.06" count="7"/>
        <line num="21" type="stmt" count="7"/>
        <line num="22" type="stmt" count="0"/>
        <line num="24" type="stmt" count="7"/>
        <line num="25" type="stmt" count="7"/>
        <line num="30" type="method" name="loadTable" visibility="private" complexity="3" crap="3.04" count="7"/>
        <line num="32" type="stmt" count="7"/>
        <line num="33" type="stmt" count="7"/>
        <line num="34" type="stmt" count="0"/>
        <line num="36" type="stmt" count="7"/>
        <line num="37" type="stmt" count="6"/>
        <line num="39" type="stmt" count="1"/>
        <line num="51" type="method" name="evalModelItem" visibility="private" complexity="9" crap="9" count="4"/>
        <line num="53" type="stmt" count="4"/>
        <line num="54" type="stmt" count="4"/>
        <line num="55" type="stmt" count="4"/>
        <line num="56" type="stmt" count="3"/>
        <line num="57" type="stmt" count="3"/>
        <line num="58" type="stmt" count="3"/>
        <line num="59" type="stmt" count="1"/>
        <line num="60" type="stmt" count="1"/>
        <line num="61" type="stmt" count="1"/>
        <line num="62" type="stmt" count="1"/>
        <line num="71" type="method" name="getQueried" visibility="public" complexity="1" crap="2.00" count="0"/>
        <line num="73" type="stmt" count="0"/>
        <line num="85" type="method" name="where" visibility="public" complexity="3" crap="3" count="4"/>
        <line num="87" type="stmt" count="4"/>
        <line num="88" type="stmt" count="4"/>
        <line num="89" type="stmt" count="4"/>
        <line num="90" type="stmt" count="4"/>
        <line num="91" type="stmt" count="3"/>
        <line num="94" type="stmt" count="3"/>
        <line num="95" type="stmt" count="3"/>
        <line num="99" type="method" name="orWhere" visibility="public" complexity="1" crap="2.00" count="0"/>
        <line num="101" type="stmt" count="0"/>
        <line num="102" type="stmt" count="0"/>
        <line num="103" type="stmt" count="0"/>
        <line num="111" type="method" name="first" visibility="public" complexity="3" crap="3.04" count="2"/>
        <line num="112" type="stmt" count="2"/>
        <line num="113" type="stmt" count="2"/>
        <line num="114" type="stmt" count="2"/>
        <line num="115" type="stmt" count="2"/>
        <line num="116" type="stmt" count="2"/>
        <line num="119" type="stmt" count="0"/>
        <line num="128" type="method" name="all" visibility="public" complexity="2" crap="2" count="1"/>
        <line num="130" type="stmt" count="1"/>
        <line num="131" type="stmt" count="1"/>
        <line num="132" type="stmt" count="1"/>
        <line num="140" type="method" name="get" visibility="public" complexity="5" crap="5" count="1"/>
        <line num="142" type="stmt" count="1"/>
        <line num="143" type="stmt" count="1"/>
        <line num="144" type="stmt" count="1"/>
        <line num="145" type="stmt" count="1"/>
        <line num="146" type="stmt" count="1"/>
        <line num="147" type="stmt" count="1"/>
        <line num="148" type="stmt" count="1"/>
        <line num="149" type="stmt" count="1"/>
        <line num="150" type="stmt" count="1"/>
        <line num="152" type="stmt" count="1"/>
        <line num="153" type="stmt" count="1"/>
        <line num="158" type="stmt" count="1"/>
        <line num="161" type="method" name="getLastPrimaryKeyValue" visibility="public" complexity="2" crap="2" count="4"/>
        <line num="163" type="stmt" count="4"/>
        <line num="164" type="stmt" count="4"/>
        <line num="165" type="stmt" count="4"/>
        <line num="166" type="stmt" count="4"/>
        <line num="168" type="stmt" count="4"/>
        <line num="171" type="method" name="insert" visibility="public" complexity="7" crap="7" count="4"/>
        <line num="173" type="stmt" count="4"/>
        <line num="174" type="stmt" count="0"/>
        <line num="176" type="stmt" count="4"/>
        <line num="177" type="stmt" count="4"/>
        <line num="178" type="stmt" count="4"/>
        <line num="179" type="stmt" count="4"/>
        <line num="181" type="stmt" count="4"/>
        <line num="182" type="stmt" count="4"/>
        <line num="184" type="stmt" count="4"/>
        <line num="185" type="stmt" count="3"/>
        <line num="187" type="stmt" count="1"/>
        <line num="189" type="stmt" count="4"/>
        <line num="190" type="stmt" count="4"/>
        <line num="191" type="stmt" count="4"/>
        <line num="192" type="stmt" count="4"/>
        <line num="193" type="stmt" count="4"/>
        <line num="195" type="stmt" count="4"/>
        <line num="196" type="stmt" count="4"/>
        <line num="198" type="stmt" count="4"/>
        <line num="199" type="stmt" count="4"/>
        <metrics loc="201" ncloc="156" classes="1" methods="11" coveredmethods="5" conditionals="0" coveredconditionals="0" statements="77" coveredstatements="69" elements="88" coveredelements="74"/>
      </file>
    </package>
    <file name="C:\xampp\htdocs\json-models\src\Config\jsonmodels.php">
      <line num="11" type="stmt" count="9"/>
      <metrics loc="13" ncloc="7" classes="0" methods="0" coveredmethods="0" conditionals="0" coveredconditionals="0" statements="1" coveredstatements="1" elements="1" coveredelements="1"/>
    </file>
    <file name="C:\xampp\htdocs\json-models\src\Contracts\JsonModelsInterface.php">
      <metrics loc="11" ncloc="8" classes="0" methods="0" coveredmethods="0" conditionals="0" coveredconditionals="0" statements="0" coveredstatements="0" elements="0" coveredelements="0"/>
    </file>
    <package name="guifcoelho\JsonModels\Exceptions">
      <file name="C:\xampp\htdocs\json-models\src\Exceptions\ConfigFileNotFoundException.php">
        <class name="guifcoelho\JsonModels\Exceptions\ConfigFileNotFoundException" namespace="guifcoelho\JsonModels\Exceptions">
          <metrics complexity="0" methods="0" coveredmethods="0" conditionals="0" coveredconditionals="0" statements="0" coveredstatements="0" elements="0" coveredelements="0"/>
        </class>
        <metrics loc="7" ncloc="4" classes="0" methods="0" coveredmethods="0" conditionals="0" coveredconditionals="0" statements="0" coveredstatements="0" elements="0" coveredelements="0"/>
      </file>
      <file name="C:\xampp\htdocs\json-models\src\Exceptions\Exception.php">
        <class name="guifcoelho\JsonModels\Exceptions\Exception" namespace="guifcoelho\JsonModels\Exceptions">
          <metrics complexity="0" methods="0" coveredmethods="0" conditionals="0" coveredconditionals="0" statements="0" coveredstatements="0" elements="0" coveredelements="0"/>
        </class>
        <metrics loc="11" ncloc="8" classes="0" methods="0" coveredmethods="0" conditionals="0" coveredconditionals="0" statements="0" coveredstatements="0" elements="0" coveredelements="0"/>
      </file>
    </package>
    <package name="guifcoelho\JsonModels\Facades">
      <file name="C:\xampp\htdocs\json-models\src\Facades\JsonModelsFacadeAccessor.php">
        <class name="guifcoelho\JsonModels\Facades\JsonModelsFacadeAccessor" namespace="guifcoelho\JsonModels\Facades">
          <metrics complexity="1" methods="1" coveredmethods="0" conditionals="0" coveredconditionals="0" statements="1" coveredstatements="0" elements="2" coveredelements="0"/>
        </class>
        <line num="18" type="method" name="getFacadeAccessor" visibility="protected" complexity="1" crap="2.00" count="0"/>
        <line num="20" type="stmt" count="0"/>
        <metrics loc="22" ncloc="14" classes="1" methods="1" coveredmethods="0" conditionals="0" coveredconditionals="0" statements="1" coveredstatements="0" elements="2" coveredelements="0"/>
      </file>
    </package>
    <package name="guifcoelho\JsonModels\ServiceProviders">
      <file name="C:\xampp\htdocs\json-models\src\ServiceProviders\JsonModelsServiceProvider.php">
        <class name="guifcoelho\JsonModels\ServiceProviders\JsonModelsServiceProvider" namespace="guifcoelho\JsonModels\ServiceProviders">
          <metrics complexity="7" methods="7" coveredmethods="0" conditionals="0" coveredconditionals="0" statements="21" coveredstatements="0" elements="28" coveredelements="0"/>
        </class>
        <line num="26" type="method" name="boot" visibility="public" complexity="1" crap="2.00" count="0"/>
        <line num="33" type="stmt" count="0"/>
        <line num="34" type="stmt" count="0"/>
        <line num="41" type="method" name="register" visibility="public" complexity="1" crap="2.00" count="0"/>
        <line num="48" type="stmt" count="0"/>
        <line num="55" type="stmt" count="0"/>
        <line num="62" type="stmt" count="0"/>
        <line num="63" type="stmt" count="0"/>
        <line num="68" type="method" name="implementationBindings" visibility="private" complexity="1" crap="2.00" count="0"/>
        <line num="70" type="stmt" count="0"/>
        <line num="71" type="stmt" count="0"/>
        <line num="72" type="stmt" count="0"/>
        <line num="74" type="stmt" count="0"/>
        <line num="79" type="method" name="configPublisher" visibility="private" complexity="1" crap="2.00" count="0"/>
        <line num="82" type="stmt" count="0"/>
        <line num="83" type="stmt" count="0"/>
        <line num="85" type="stmt" count="0"/>
        <line num="90" type="method" name="facadeBindings" visibility="private" complexity="1" crap="2.00" count="0"/>
        <line num="94" type="stmt" count="0"/>
        <line num="95" type="stmt" count="0"/>
        <line num="99" type="stmt" count="0"/>
        <line num="100" type="stmt" count="0"/>
        <line num="101" type="stmt" count="0"/>
        <line num="102" type="stmt" count="0"/>
        <line num="109" type="method" name="provides" visibility="public" complexity="1" crap="2.00" count="0"/>
        <line num="111" type="stmt" count="0"/>
        <line num="117" type="method" name="serviceProviders" visibility="private" complexity="1" crap="2.00" count="0"/>
        <line num="120" type="stmt" count="0"/>
        <metrics loc="122" ncloc="61" classes="1" methods="7" coveredmethods="0" conditionals="0" coveredconditionals="0" statements="21" coveredstatements="0" elements="28" coveredelements="0"/>
      </file>
    </package>
    <package name="guifcoelho\JsonModels\Testing\Support">
      <file name="C:\xampp\htdocs\json-models\src\Testing\Support\ArrayAssertions.php">
        <class name="guifcoelho\JsonModels\Testing\Support\ArrayAssertions" namespace="guifcoelho\JsonModels\Testing\Support">
          <metrics complexity="4" methods="1" coveredmethods="1" conditionals="0" coveredconditionals="0" statements="10" coveredstatements="10" elements="11" coveredelements="11"/>
        </class>
        <line num="18" type="method" name="assertSimilar" visibility="public" complexity="4" crap="4" count="8"/>
        <line num="20" type="stmt" count="8"/>
        <line num="21" type="stmt" count="8"/>
        <line num="22" type="stmt" count="4"/>
        <line num="23" type="stmt" count="4"/>
        <line num="25" type="stmt" count="8"/>
        <line num="26" type="stmt" count="8"/>
        <line num="28" type="stmt" count="8"/>
        <line num="29" type="stmt" count="8"/>
        <line num="30" type="stmt" count="8"/>
        <line num="34" type="stmt" count="8"/>
        <metrics loc="35" ncloc="26" classes="1" methods="1" coveredmethods="1" conditionals="0" coveredconditionals="0" statements="10" coveredstatements="10" elements="11" coveredelements="11"/>
      </file>
      <file name="C:\xampp\htdocs\json-models\src\Testing\Support\JsonTablesAssertions.php">
        <class name="guifcoelho\JsonModels\Testing\Support\JsonTablesAssertions" namespace="guifcoelho\JsonModels\Testing\Support">
          <metrics complexity="3" methods="1" coveredmethods="1" conditionals="0" coveredconditionals="0" statements="10" coveredstatements="10" elements="11" coveredelements="11"/>
        </class>
        <line num="11" type="method" name="assertTableHas" visibility="public" complexity="3" crap="3" count="2"/>
        <line num="12" type="stmt" count="2"/>
        <line num="13" type="stmt" count="2"/>
        <line num="14" type="stmt" count="2"/>
        <line num="16" type="stmt" count="2"/>
        <line num="17" type="stmt" count="2"/>
        <line num="18" type="stmt" count="2"/>
        <line num="19" type="stmt" count="1"/>
        <line num="21" type="stmt" count="1"/>
        <line num="22" type="stmt" count="1"/>
        <line num="25" type="stmt" count="2"/>
        <metrics loc="27" ncloc="27" classes="1" methods="1" coveredmethods="1" conditionals="0" coveredconditionals="0" statements="10" coveredstatements="10" elements="11" coveredelements="11"/>
      </file>
    </package>
    <file name="C:\xampp\htdocs\json-models\src\Testing\Support\Functions.php">
      <line num="6" type="stmt" count="9"/>
      <line num="8" type="stmt" count="6"/>
      <line num="9" type="stmt" count="6"/>
      <line num="10" type="stmt" count="6"/>
      <line num="11" type="stmt" count="6"/>
      <line num="12" type="stmt" count="4"/>
      <line num="13" type="stmt" count="4"/>
      <line num="14" type="stmt" count="4"/>
      <line num="15" type="stmt" count="0"/>
      <line num="18" type="stmt" count="6"/>
      <line num="19" type="stmt" count="2"/>
      <line num="20" type="stmt" count="0"/>
      <line num="22" type="stmt" count="2"/>
      <line num="23" type="stmt" count="2"/>
      <line num="24" type="stmt" count="0"/>
      <line num="26" type="stmt" count="2"/>
      <line num="29" type="stmt" count="6"/>
      <line num="30" type="stmt" count="6"/>
      <line num="32" type="stmt" count="0"/>
      <line num="34" type="stmt" count="9"/>
      <metrics loc="33" ncloc="33" classes="0" methods="0" coveredmethods="0" conditionals="0" coveredconditionals="0" statements="19" coveredstatements="15" elements="19" coveredelements="15"/>
    </file>
    <package name="guifcoelho\JsonModels\Testing">
      <file name="C:\xampp\htdocs\json-models\src\Testing\TestingJsonModels.php">
        <class name="TestingJsonModels" namespace="guifcoelho\JsonModels\Testing">
          <metrics complexity="5" methods="4" coveredmethods="3" conditionals="0" coveredconditionals="0" statements="10" coveredstatements="9" elements="14" coveredelements="12"/>
        </class>
        <line num="14" type="method" name="setUp" visibility="public" complexity="1" crap="1" count="9"/>
        <line num="16" type="stmt" count="9"/>
        <line num="17" type="stmt" count="9"/>
        <line num="18" type="stmt" count="9"/>
        <line num="20" type="method" name="arrays" visibility="protected" complexity="1" crap="1" count="6"/>
        <line num="21" type="stmt" count="6"/>
        <line num="24" type="method" name="jsontables" visibility="protected" complexity="1" crap="1" count="2"/>
        <line num="25" type="stmt" count="2"/>
        <line num="28" type="method" name="bootstrap" visibility="public" complexity="2" crap="2.03" count="9"/>
        <line num="29" type="stmt" count="9"/>
        <line num="30" type="stmt" count="9"/>
        <line num="31" type="stmt" count="9"/>
        <line num="32" type="stmt" count="0"/>
        <line num="34" type="stmt" count="9"/>
        <metrics loc="35" ncloc="35" classes="1" methods="4" coveredmethods="3" conditionals="0" coveredconditionals="0" statements="10" coveredstatements="9" elements="14" coveredelements="12"/>
      </file>
    </package>
    <metrics files="15" loc="963" ncloc="662" classes="10" methods="54" coveredmethods="30" conditionals="0" coveredconditionals="0" statements="245" coveredstatements="197" elements="299" coveredelements="227"/>
  </project>
</coverage>
